<?xml version="1.0" encoding="UTF-8"?>
<!-- Generated by org.testng.reporters.JUnitReportReporter -->
<testsuite hostname="MacPro-Abdi" failures="0" tests="1" name="homePage.IdenticationProgMiseEnAvant" time="11.517" errors="0" timestamp="2022-07-25T05:57:20 CEST" skipped="0">
  <testcase classname="homePage.IdenticationProgMiseEnAvant" name="getListeProgmmeMEA" time="11.517"/>
  <system-out/>
</testsuite> <!-- homePage.IdenticationProgMiseEnAvant -->
